<?xml version="1.0" encoding="UTF-8"?>
<testng-results skipped="0" failed="0" ignored="0" total="3" passed="3">
  <reporter-output>
  </reporter-output>
  <suite name="Default suite" duration-ms="23111" started-at="2017-06-14T07:28:47Z" finished-at="2017-06-14T07:29:10Z">
    <groups>
    </groups>
    <test name="Default test" duration-ms="23111" started-at="2017-06-14T07:28:47Z" finished-at="2017-06-14T07:29:10Z">
      <class name="technical_Admin.AlarmUnitLibraryTest">
        <test-method status="PASS" signature="initialioseBrowser()[pri:0, instance:technical_Admin.AlarmUnitLibraryTest@6d4e5011]" name="initialioseBrowser" is-config="true" duration-ms="13447" started-at="2017-06-14T12:58:34Z" finished-at="2017-06-14T12:58:47Z">
          <reporter-output>
          </reporter-output>
        </test-method> <!-- initialioseBrowser -->
        <test-method status="PASS" signature="beforeSu()[pri:0, instance:technical_Admin.AlarmUnitLibraryTest@6d4e5011]" name="beforeSu" is-config="true" duration-ms="80" started-at="2017-06-14T12:58:47Z" depends-on-methods="common_Function.WebDriverPass.initialioseBrowser" finished-at="2017-06-14T12:58:47Z">
          <reporter-output>
          </reporter-output>
        </test-method> <!-- beforeSu -->
        <test-method status="PASS" signature="AlarmUnit()[pri:26, instance:technical_Admin.AlarmUnitLibraryTest@6d4e5011]" name="AlarmUnit" duration-ms="4287" started-at="2017-06-14T12:58:47Z" finished-at="2017-06-14T12:58:52Z">
          <reporter-output>
          </reporter-output>
        </test-method> <!-- AlarmUnit -->
        <test-method status="PASS" signature="afterMethod(org.testng.ITestResult)[pri:0, instance:technical_Admin.AlarmUnitLibraryTest@6d4e5011]" name="afterMethod" is-config="true" duration-ms="191" started-at="2017-06-14T12:58:52Z" finished-at="2017-06-14T12:58:52Z">
          <params>
            <param index="0">
              <value>
                <![CDATA[[TestResult name=AlarmUnit status=SUCCESS method=AlarmUnitLibraryTest.AlarmUnit()[pri:26, instance:technical_Admin.AlarmUnitLibraryTest@6d4e5011] output={null}]]]>
              </value>
            </param>
          </params>
          <reporter-output>
          </reporter-output>
        </test-method> <!-- afterMethod -->
        <test-method status="PASS" signature="PMSAlarmUnit()[pri:27, instance:technical_Admin.AlarmUnitLibraryTest@6d4e5011]" name="PMSAlarmUnit" duration-ms="3142" started-at="2017-06-14T12:58:52Z" finished-at="2017-06-14T12:58:55Z">
          <reporter-output>
          </reporter-output>
        </test-method> <!-- PMSAlarmUnit -->
        <test-method status="PASS" signature="afterMethod(org.testng.ITestResult)[pri:0, instance:technical_Admin.AlarmUnitLibraryTest@6d4e5011]" name="afterMethod" is-config="true" duration-ms="26" started-at="2017-06-14T12:58:55Z" finished-at="2017-06-14T12:58:55Z">
          <params>
            <param index="0">
              <value>
                <![CDATA[[TestResult name=PMSAlarmUnit status=SUCCESS method=AlarmUnitLibraryTest.PMSAlarmUnit()[pri:27, instance:technical_Admin.AlarmUnitLibraryTest@6d4e5011] output={null}]]]>
              </value>
            </param>
          </params>
          <reporter-output>
          </reporter-output>
        </test-method> <!-- afterMethod -->
        <test-method status="PASS" signature="AddNewUnit()[pri:28, instance:technical_Admin.AlarmUnitLibraryTest@6d4e5011]" name="AddNewUnit" duration-ms="15399" started-at="2017-06-14T12:58:55Z" finished-at="2017-06-14T12:59:10Z">
          <reporter-output>
          </reporter-output>
        </test-method> <!-- AddNewUnit -->
        <test-method status="PASS" signature="afterMethod(org.testng.ITestResult)[pri:0, instance:technical_Admin.AlarmUnitLibraryTest@6d4e5011]" name="afterMethod" is-config="true" duration-ms="50" started-at="2017-06-14T12:59:10Z" finished-at="2017-06-14T12:59:10Z">
          <params>
            <param index="0">
              <value>
                <![CDATA[[TestResult name=AddNewUnit status=SUCCESS method=AlarmUnitLibraryTest.AddNewUnit()[pri:28, instance:technical_Admin.AlarmUnitLibraryTest@6d4e5011] output={null}]]]>
              </value>
            </param>
          </params>
          <reporter-output>
          </reporter-output>
        </test-method> <!-- afterMethod -->
        <test-method status="PASS" signature="closeBrowser()[pri:0, instance:technical_Admin.AlarmUnitLibraryTest@6d4e5011]" name="closeBrowser" is-config="true" duration-ms="749" started-at="2017-06-14T12:59:10Z" finished-at="2017-06-14T12:59:11Z">
          <reporter-output>
          </reporter-output>
        </test-method> <!-- closeBrowser -->
      </class> <!-- technical_Admin.AlarmUnitLibraryTest -->
    </test> <!-- Default test -->
  </suite> <!-- Default suite -->
</testng-results>
