<?xml version="1.0" encoding="UTF-8"?>
<testng-results skipped="0" failed="1" ignored="0" total="2" passed="1">
  <reporter-output>
  </reporter-output>
  <suite name="Default suite" duration-ms="5504" started-at="2017-06-13T09:52:10Z" finished-at="2017-06-13T09:52:15Z">
    <groups>
    </groups>
    <test name="Default test" duration-ms="5504" started-at="2017-06-13T09:52:10Z" finished-at="2017-06-13T09:52:15Z">
      <class name="purchase_Admin.ApprovalSettingTest">
        <test-method status="PASS" signature="initialioseBrowser()[pri:0, instance:purchase_Admin.ApprovalSettingTest@41e350f1]" name="initialioseBrowser" is-config="true" duration-ms="14025" started-at="2017-06-13T15:21:56Z" finished-at="2017-06-13T15:22:10Z">
          <reporter-output>
          </reporter-output>
        </test-method> <!-- initialioseBrowser -->
        <test-method status="PASS" signature="beforeSu()[pri:0, instance:purchase_Admin.ApprovalSettingTest@41e350f1]" name="beforeSu" is-config="true" duration-ms="81" started-at="2017-06-13T15:22:10Z" depends-on-methods="common_Function.WebDriverPass.initialioseBrowser" finished-at="2017-06-13T15:22:10Z">
          <reporter-output>
          </reporter-output>
        </test-method> <!-- beforeSu -->
        <test-method status="PASS" signature="ApprovalSettings()[pri:27, instance:purchase_Admin.ApprovalSettingTest@41e350f1]" name="ApprovalSettings" duration-ms="5274" started-at="2017-06-13T15:22:10Z" finished-at="2017-06-13T15:22:15Z">
          <reporter-output>
          </reporter-output>
        </test-method> <!-- ApprovalSettings -->
        <test-method status="PASS" signature="afterMethod(org.testng.ITestResult)[pri:0, instance:purchase_Admin.ApprovalSettingTest@41e350f1]" name="afterMethod" is-config="true" duration-ms="179" started-at="2017-06-13T15:22:15Z" finished-at="2017-06-13T15:22:15Z">
          <params>
            <param index="0">
              <value>
                <![CDATA[[TestResult name=ApprovalSettings status=SUCCESS method=ApprovalSettingTest.ApprovalSettings()[pri:27, instance:purchase_Admin.ApprovalSettingTest@41e350f1] output={null}]]]>
              </value>
            </param>
          </params>
          <reporter-output>
          </reporter-output>
        </test-method> <!-- afterMethod -->
        <test-method status="FAIL" signature="AddNewGroup()[pri:28, instance:purchase_Admin.ApprovalSettingTest@41e350f1]" name="AddNewGroup" duration-ms="2" started-at="2017-06-13T15:22:15Z" finished-at="2017-06-13T15:22:15Z">
          <exception class="java.lang.NullPointerException">
            <full-stacktrace>
              <![CDATA[java.lang.NullPointerException
	at common_Function.ExcelRead.searchSheet(ExcelRead.java:167)
	at purchase_Admin.ApprovalSetting.AddNewGroup(ApprovalSetting.java:75)
	at purchase_Admin.ApprovalSettingTest.AddNewGroup(ApprovalSettingTest.java:36)
	at sun.reflect.NativeMethodAccessorImpl.invoke0(Native Method)
	at sun.reflect.NativeMethodAccessorImpl.invoke(Unknown Source)
	at sun.reflect.DelegatingMethodAccessorImpl.invoke(Unknown Source)
	at java.lang.reflect.Method.invoke(Unknown Source)
	at org.testng.internal.MethodInvocationHelper.invokeMethod(MethodInvocationHelper.java:108)
	at org.testng.internal.Invoker.invokeMethod(Invoker.java:661)
	at org.testng.internal.Invoker.invokeTestMethod(Invoker.java:869)
	at org.testng.internal.Invoker.invokeTestMethods(Invoker.java:1193)
	at org.testng.internal.TestMethodWorker.invokeTestMethods(TestMethodWorker.java:126)
	at org.testng.internal.TestMethodWorker.run(TestMethodWorker.java:109)
	at org.testng.TestRunner.privateRun(TestRunner.java:744)
	at org.testng.TestRunner.run(TestRunner.java:602)
	at org.testng.SuiteRunner.runTest(SuiteRunner.java:380)
	at org.testng.SuiteRunner.runSequentially(SuiteRunner.java:375)
	at org.testng.SuiteRunner.privateRun(SuiteRunner.java:340)
	at org.testng.SuiteRunner.run(SuiteRunner.java:289)
	at org.testng.SuiteRunnerWorker.runSuite(SuiteRunnerWorker.java:52)
	at org.testng.SuiteRunnerWorker.run(SuiteRunnerWorker.java:86)
	at org.testng.TestNG.runSuitesSequentially(TestNG.java:1301)
	at org.testng.TestNG.runSuitesLocally(TestNG.java:1226)
	at org.testng.TestNG.runSuites(TestNG.java:1144)
	at org.testng.TestNG.run(TestNG.java:1115)
	at org.testng.remote.AbstractRemoteTestNG.run(AbstractRemoteTestNG.java:132)
	at org.testng.remote.RemoteTestNG.initAndRun(RemoteTestNG.java:230)
	at org.testng.remote.RemoteTestNG.main(RemoteTestNG.java:76)
]]>
            </full-stacktrace>
          </exception> <!-- java.lang.NullPointerException -->
          <reporter-output>
          </reporter-output>
        </test-method> <!-- AddNewGroup -->
        <test-method status="PASS" signature="afterMethod(org.testng.ITestResult)[pri:0, instance:purchase_Admin.ApprovalSettingTest@41e350f1]" name="afterMethod" is-config="true" duration-ms="34" started-at="2017-06-13T15:22:15Z" finished-at="2017-06-13T15:22:15Z">
          <params>
            <param index="0">
              <value>
                <![CDATA[[TestResult name=AddNewGroup status=FAILURE method=ApprovalSettingTest.AddNewGroup()[pri:28, instance:purchase_Admin.ApprovalSettingTest@41e350f1] output={null}]]]>
              </value>
            </param>
          </params>
          <reporter-output>
          </reporter-output>
        </test-method> <!-- afterMethod -->
        <test-method status="PASS" signature="closeBrowser()[pri:0, instance:purchase_Admin.ApprovalSettingTest@41e350f1]" name="closeBrowser" is-config="true" duration-ms="1006" started-at="2017-06-13T15:22:15Z" finished-at="2017-06-13T15:22:16Z">
          <reporter-output>
          </reporter-output>
        </test-method> <!-- closeBrowser -->
      </class> <!-- purchase_Admin.ApprovalSettingTest -->
    </test> <!-- Default test -->
  </suite> <!-- Default suite -->
</testng-results>
